Line 566: Class MSAdodcLib.Adodc of control Adodc1 was not a loaded control class.
Line 572: The property name _ExtentX in Adodc1 is invalid.
Line 573: The property name _ExtentY in Adodc1 is invalid.
Line 574: The property name ConnectMode in Adodc1 is invalid.
Line 575: The property name CursorLocation in Adodc1 is invalid.
Line 576: The property name IsolationLevel in Adodc1 is invalid.
Line 577: The property name ConnectionTimeout in Adodc1 is invalid.
Line 578: The property name CommandTimeout in Adodc1 is invalid.
Line 579: The property name CursorType in Adodc1 is invalid.
Line 580: The property name LockType in Adodc1 is invalid.
Line 581: The property name CommandType in Adodc1 is invalid.
Line 582: The property name CursorOptions in Adodc1 is invalid.
Line 583: The property name CacheSize in Adodc1 is invalid.
Line 584: The property name MaxRecords in Adodc1 is invalid.
Line 585: The property name BOFAction in Adodc1 is invalid.
Line 586: The property name EOFAction in Adodc1 is invalid.
Line 587: The property name ConnectStringType in Adodc1 is invalid.
Line 591: The property name Orientation in Adodc1 is invalid.
Line 593: The property name Connect in Adodc1 is invalid.
Line 594: The property name OLEDBString in Adodc1 is invalid.
Line 595: The property name OLEDBFile in Adodc1 is invalid.
Line 596: The property name DataSourceName in Adodc1 is invalid.
Line 597: The property name OtherAttributes in Adodc1 is invalid.
Line 598: The property name UserName in Adodc1 is invalid.
Line 599: The property name Password in Adodc1 is invalid.
Line 600: The property name RecordSource in Adodc1 is invalid.
Line 601: The property name Caption in Adodc1 is invalid.
Line 611: The property name _Version in Adodc1 is invalid.
